Added Component: Designator=C1(CAPC1005X55N)
Add component (AddParameter): Name = "Capacitance"; Value = "1uF"; VariantName = "[No Variations]"
Add component (AddParameter): Name = "ClassName"; Value = ""; VariantName = "[No Variations]"
Add component (AddParameter): Name = "ComponentLink1Description"; Value = ""; VariantName = "[No Variations]"
Add component (AddParameter): Name = "ComponentLink1URL"; Value = ""; VariantName = "[No Variations]"
Add component (AddParameter): Name = "ComponentLinkDescription"; Value = ""; VariantName = "[No Variations]"
Add component (AddParameter): Name = "ComponentLinkURL"; Value = ""; VariantName = "[No Variations]"
Add component (AddParameter): Name = "Dielectric Material"; Value = "X5R"; VariantName = "[No Variations]"
Add component (AddParameter): Name = "ESR (Equivalent Series Resistance)"; Value = ""; VariantName = "[No Variations]"
Add component (AddParameter): Name = "Frequency Stability"; Value = ""; VariantName = "[No Variations]"
Add component (AddParameter): Name = "Height (Max)"; Value = "0.55mm"; VariantName = "[No Variations]"
Add component (AddParameter): Name = "Impedance @ Frequency"; Value = ""; VariantName = "[No Variations]"
Add component (AddParameter): Name = "Imperial Size"; Value = "0402"; VariantName = "[No Variations]"
Add component (AddParameter): Name = "Manufacturer"; Value = "SQUARE AVL"; VariantName = "[No Variations]"
Add component (AddParameter): Name = "Manufacturer Part Number"; Value = "GENERIC"; VariantName = "[No Variations]"
Add component (AddParameter): Name = "Operating Temperature"; Value = ""; VariantName = "[No Variations]"
Add component (AddParameter): Name = "Package/Case"; Value = "1005M/0402I"; VariantName = "[No Variations]"
Add component (AddParameter): Name = "PLM Lifecycle"; Value = "Design"; VariantName = "[No Variations]"
Add component (AddParameter): Name = "Q"; Value = ""; VariantName = "[No Variations]"
Add component (AddParameter): Name = "Square Part Number"; Value = "E-GCA-0060"; VariantName = "[No Variations]"
Add component (AddParameter): Name = "Supplier"; Value = ""; VariantName = "[No Variations]"
Add component (AddParameter): Name = "Supplier Part Number"; Value = ""; VariantName = "[No Variations]"
Add component (AddParameter): Name = "Tolerance"; Value = "±10%"; VariantName = "[No Variations]"
Add component (AddParameter): Name = "TQM Critical CI"; Value = "Unassigned"; VariantName = "[No Variations]"
Add component (AddParameter): Name = "Voltage"; Value = "25V"; VariantName = "[No Variations]"
Added Component: Designator=C2(CAPC1005X55N)
Add component (AddParameter): Name = "Capacitance"; Value = "470pF"; VariantName = "[No Variations]"
Add component (AddParameter): Name = "ClassName"; Value = ""; VariantName = "[No Variations]"
Add component (AddParameter): Name = "ComponentLink1Description"; Value = "Datasheet"; VariantName = "[No Variations]"
Add component (AddParameter): Name = "ComponentLink1URL"; Value = "https://www.murata.com/~/media/webrenewal/support/library/catalog/products/capacitor/mlcc/c02e.ashx?la=en-us"; VariantName = "[No Variations]"
Add component (AddParameter): Name = "ComponentLinkDescription"; Value = "Datasheet"; VariantName = "[No Variations]"
Add component (AddParameter): Name = "ComponentLinkURL"; Value = "https://www.murata.com/~/media/webrenewal/support/library/catalog/products/capacitor/mlcc/c02e.ashx?la=en-us"; VariantName = "[No Variations]"
Add component (AddParameter): Name = "Dielectric Material"; Value = "X7R"; VariantName = "[No Variations]"
Add component (AddParameter): Name = "ESR (Equivalent Series Resistance)"; Value = ""; VariantName = "[No Variations]"
Add component (AddParameter): Name = "Frequency Stability"; Value = ""; VariantName = "[No Variations]"
Add component (AddParameter): Name = "Height (Max)"; Value = "0.55mm"; VariantName = "[No Variations]"
Add component (AddParameter): Name = "Impedance @ Frequency"; Value = ""; VariantName = "[No Variations]"
Add component (AddParameter): Name = "Imperial Size"; Value = "0402"; VariantName = "[No Variations]"
Add component (AddParameter): Name = "Manufacturer"; Value = "Murata Electronics North America"; VariantName = "[No Variations]"
Add component (AddParameter): Name = "Manufacturer Part Number"; Value = "GRM155R71H471JA01D"; VariantName = "[No Variations]"
Add component (AddParameter): Name = "Operating Temperature"; Value = "-55°C ~ 125°C"; VariantName = "[No Variations]"
Add component (AddParameter): Name = "Package/Case"; Value = "1005m/0402i"; VariantName = "[No Variations]"
Add component (AddParameter): Name = "PLM Lifecycle"; Value = "In Production"; VariantName = "[No Variations]"
Add component (AddParameter): Name = "Q"; Value = ""; VariantName = "[No Variations]"
Add component (AddParameter): Name = "Square Part Number"; Value = "E-CAP-0253"; VariantName = "[No Variations]"
Add component (AddParameter): Name = "Supplier"; Value = "Digi-Key"; VariantName = "[No Variations]"
Add component (AddParameter): Name = "Supplier Part Number"; Value = "490-6362-2-ND"; VariantName = "[No Variations]"
Add component (AddParameter): Name = "Tolerance"; Value = "±5%"; VariantName = "[No Variations]"
Add component (AddParameter): Name = "TQM Critical CI"; Value = "Unassigned"; VariantName = "[No Variations]"
Add component (AddParameter): Name = "Voltage"; Value = "50V"; VariantName = "[No Variations]"
Added Component: Designator=C3(CAPC1608X90L)
Add component (AddParameter): Name = "Capacitance"; Value = "2.2uF"; VariantName = "[No Variations]"
Add component (AddParameter): Name = "ClassName"; Value = ""; VariantName = "[No Variations]"
Add component (AddParameter): Name = "ComponentLink1Description"; Value = "Datasheet"; VariantName = "[No Variations]"
Add component (AddParameter): Name = "ComponentLink1URL"; Value = "https://www.murata.com/~/media/webrenewal/support/library/catalog/products/capacitor/mlcc/c02e.ashx?la=en-us"; VariantName = "[No Variations]"
Add component (AddParameter): Name = "ComponentLinkDescription"; Value = "Datasheet"; VariantName = "[No Variations]"
Add component (AddParameter): Name = "ComponentLinkURL"; Value = "https://www.murata.com/~/media/webrenewal/support/library/catalog/products/capacitor/mlcc/c02e.ashx?la=en-us"; VariantName = "[No Variations]"
Add component (AddParameter): Name = "Dielectric Material"; Value = "X5R"; VariantName = "[No Variations]"
Add component (AddParameter): Name = "ESR (Equivalent Series Resistance)"; Value = ""; VariantName = "[No Variations]"
Add component (AddParameter): Name = "Frequency Stability"; Value = ""; VariantName = "[No Variations]"
Add component (AddParameter): Name = "Height (Max)"; Value = "0.90mm"; VariantName = "[No Variations]"
Add component (AddParameter): Name = "Impedance @ Frequency"; Value = ""; VariantName = "[No Variations]"
Add component (AddParameter): Name = "Imperial Size"; Value = "0603"; VariantName = "[No Variations]"
Add component (AddParameter): Name = "Manufacturer"; Value = "Murata Electronics North America"; VariantName = "[No Variations]"
Add component (AddParameter): Name = "Manufacturer Part Number"; Value = "GRM188R61C225KE15D"; VariantName = "[No Variations]"
Add component (AddParameter): Name = "Operating Temperature"; Value = "-55°C ~ 85°C"; VariantName = "[No Variations]"
Add component (AddParameter): Name = "Package/Case"; Value = "1608m/0603i"; VariantName = "[No Variations]"
Add component (AddParameter): Name = "PLM Lifecycle"; Value = "Design"; VariantName = "[No Variations]"
Add component (AddParameter): Name = "Q"; Value = ""; VariantName = "[No Variations]"
Add component (AddParameter): Name = "Square Part Number"; Value = "E-CAP-0056"; VariantName = "[No Variations]"
Add component (AddParameter): Name = "Supplier"; Value = "Digi-Key"; VariantName = "[No Variations]"
Add component (AddParameter): Name = "Supplier Part Number"; Value = "490-3296-1-ND"; VariantName = "[No Variations]"
Add component (AddParameter): Name = "Tolerance"; Value = "10%"; VariantName = "[No Variations]"
Add component (AddParameter): Name = "TQM Critical CI"; Value = "Unassigned"; VariantName = "[No Variations]"
Add component (AddParameter): Name = "Voltage"; Value = "16V"; VariantName = "[No Variations]"
Added Component: Designator=J1(SKT2P54_2P41X8X8P51_03)
Add component (AddParameter): Name = "Category"; Value = "Header"; VariantName = "[No Variations]"
Add component (AddParameter): Name = "ClassName"; Value = ""; VariantName = "[No Variations]"
Add component (AddParameter): Name = "Color"; Value = ""; VariantName = "[No Variations]"
Add component (AddParameter): Name = "ComponentLink1Description"; Value = "Datasheet"; VariantName = "[No Variations]"
Add component (AddParameter): Name = "ComponentLink1URL"; Value = "http://suddendocs.samtec.com/prints/ssw-1xx-xx-xxx-x-xx-xxx-xx-mkt.pdf"; VariantName = "[No Variations]"
Add component (AddParameter): Name = "ComponentLinkDescription"; Value = "Datasheet"; VariantName = "[No Variations]"
Add component (AddParameter): Name = "ComponentLinkURL"; Value = "http://suddendocs.samtec.com/prints/ssw-1xx-xx-xxx-x-xx-xxx-xx-mkt.pdf"; VariantName = "[No Variations]"
Add component (AddParameter): Name = "Current - Rated"; Value = "5.7 A"; VariantName = "[No Variations]"
Add component (AddParameter): Name = "FFC, FCB Thickness"; Value = ""; VariantName = "[No Variations]"
Add component (AddParameter): Name = "Frequency - Max"; Value = ""; VariantName = "[No Variations]"
Add component (AddParameter): Name = "Height (Max)"; Value = "0.335" (8.51 mm)"; VariantName = "[No Variations]"
Add component (AddParameter): Name = "Inner Diameter"; Value = ""; VariantName = "[No Variations]"
Add component (AddParameter): Name = "Latch Side"; Value = ""; VariantName = "[No Variations]"
Add component (AddParameter): Name = "Manufacturer"; Value = "Samtec Inc"; VariantName = "[No Variations]"
Add component (AddParameter): Name = "Manufacturer Part Number"; Value = "SSW-103-01-S-S"; VariantName = "[No Variations]"
Add component (AddParameter): Name = "Mated Stacking Heights"; Value = ""; VariantName = "[No Variations]"
Add component (AddParameter): Name = "Mates with"; Value = ""; VariantName = "[No Variations]"
Add component (AddParameter): Name = "Mounting Type"; Value = "Through Hole"; VariantName = "[No Variations]"
Add component (AddParameter): Name = "Number of Positions"; Value = "3"; VariantName = "[No Variations]"
Add component (AddParameter): Name = "Number of Rows"; Value = "1"; VariantName = "[No Variations]"
Add component (AddParameter): Name = "Operating Temperature"; Value = "-55°C ~ 125°C"; VariantName = "[No Variations]"
Add component (AddParameter): Name = "Orientation"; Value = "Vertical"; VariantName = "[No Variations]"
Add component (AddParameter): Name = "Outer Diameter"; Value = ""; VariantName = "[No Variations]"
Add component (AddParameter): Name = "Pitch (Interface)"; Value = "0.100" (2.54 mm)"; VariantName = "[No Variations]"
Add component (AddParameter): Name = "PLM Lifecycle"; Value = ""; VariantName = "[No Variations]"
Add component (AddParameter): Name = "Row Spacing"; Value = ""; VariantName = "[No Variations]"
Add component (AddParameter): Name = "Shrouding"; Value = ""; VariantName = "[No Variations]"
Add component (AddParameter): Name = "Square Part Number"; Value = "E-CON-0138"; VariantName = "[No Variations]"
Add component (AddParameter): Name = "Supplier"; Value = "Digi-Key"; VariantName = "[No Variations]"
Add component (AddParameter): Name = "Supplier Part Number"; Value = "SAM1211-03-ND"; VariantName = "[No Variations]"
Add component (AddParameter): Name = "TQM Critical CI"; Value = "Unassigned"; VariantName = "[No Variations]"
Add component (AddParameter): Name = "Type"; Value = "Receptacle"; VariantName = "[No Variations]"
Add component (AddParameter): Name = "Voltage - Rated"; Value = ""; VariantName = "[No Variations]"
Added Component: Designator=J2(CONN_HDR6P_2P54_Samtec_TS-106-?-AA)
Add component (AddParameter): Name = "Category"; Value = "Header"; VariantName = "[No Variations]"
Add component (AddParameter): Name = "ClassName"; Value = ""; VariantName = "[No Variations]"
Add component (AddParameter): Name = "Color"; Value = ""; VariantName = "[No Variations]"
Add component (AddParameter): Name = "ComponentLink1Description"; Value = "Datasheet"; VariantName = "[No Variations]"
Add component (AddParameter): Name = "ComponentLink1URL"; Value = "http://suddendocs.samtec.com/catalog_english/td.pdf"; VariantName = "[No Variations]"
Add component (AddParameter): Name = "ComponentLinkDescription"; Value = "Datasheet"; VariantName = "[No Variations]"
Add component (AddParameter): Name = "ComponentLinkURL"; Value = "http://suddendocs.samtec.com/catalog_english/td.pdf"; VariantName = "[No Variations]"
Add component (AddParameter): Name = "Current - Rated"; Value = ""; VariantName = "[No Variations]"
Add component (AddParameter): Name = "FFC, FCB Thickness"; Value = ""; VariantName = "[No Variations]"
Add component (AddParameter): Name = "Frequency - Max"; Value = ""; VariantName = "[No Variations]"
Add component (AddParameter): Name = "Height (Max)"; Value = "0.321" (8.16 mm)"; VariantName = "[No Variations]"
Add component (AddParameter): Name = "Inner Diameter"; Value = ""; VariantName = "[No Variations]"
Add component (AddParameter): Name = "Latch Side"; Value = ""; VariantName = "[No Variations]"
Add component (AddParameter): Name = "Manufacturer"; Value = "Samtec Inc."; VariantName = "[No Variations]"
Add component (AddParameter): Name = "Manufacturer Part Number"; Value = "TS-106-G-A"; VariantName = "[No Variations]"
Add component (AddParameter): Name = "Mated Stacking Heights"; Value = ""; VariantName = "[No Variations]"
Add component (AddParameter): Name = "Mates with"; Value = ""; VariantName = "[No Variations]"
Add component (AddParameter): Name = "Mounting Type"; Value = "Through Hole"; VariantName = "[No Variations]"
Add component (AddParameter): Name = "Number of Positions"; Value = "6"; VariantName = "[No Variations]"
Add component (AddParameter): Name = "Number of Rows"; Value = "1"; VariantName = "[No Variations]"
Add component (AddParameter): Name = "Operating Temperature"; Value = "-55°C ~ 125°C"; VariantName = "[No Variations]"
Add component (AddParameter): Name = "Orientation"; Value = "Vertical"; VariantName = "[No Variations]"
Add component (AddParameter): Name = "Outer Diameter"; Value = ""; VariantName = "[No Variations]"
Add component (AddParameter): Name = "Pitch (Interface)"; Value = "0.100" (2.54 mm)"; VariantName = "[No Variations]"
Add component (AddParameter): Name = "PLM Lifecycle"; Value = ""; VariantName = "[No Variations]"
Add component (AddParameter): Name = "Row Spacing"; Value = ""; VariantName = "[No Variations]"
Add component (AddParameter): Name = "Shrouding"; Value = "Unshrouded"; VariantName = "[No Variations]"
Add component (AddParameter): Name = "Square Part Number"; Value = "E-CON-0284"; VariantName = "[No Variations]"
Add component (AddParameter): Name = "Supplier"; Value = "Digi-Key"; VariantName = "[No Variations]"
Add component (AddParameter): Name = "Supplier Part Number"; Value = "SAM1111-06-ND"; VariantName = "[No Variations]"
Add component (AddParameter): Name = "TQM Critical CI"; Value = "Unassigned"; VariantName = "[No Variations]"
Add component (AddParameter): Name = "Type"; Value = "Pins"; VariantName = "[No Variations]"
Add component (AddParameter): Name = "Voltage - Rated"; Value = ""; VariantName = "[No Variations]"
Added Component: Designator=TP1(TP_1.2mm_PAD_NOSILK)
Add component (AddParameter): Name = "ClassName"; Value = "SM_TP"; VariantName = "[No Variations]"
Add component (AddParameter): Name = "ComponentLink1Description"; Value = ""; VariantName = "[No Variations]"
Add component (AddParameter): Name = "ComponentLink1URL"; Value = ""; VariantName = "[No Variations]"
Add component (AddParameter): Name = "ComponentLinkDescription"; Value = ""; VariantName = "[No Variations]"
Add component (AddParameter): Name = "ComponentLinkURL"; Value = ""; VariantName = "[No Variations]"
Add component (AddParameter): Name = "Height (Max)"; Value = ""; VariantName = "[No Variations]"
Add component (AddParameter): Name = "Hole Diameter"; Value = "0"; VariantName = "[No Variations]"
Add component (AddParameter): Name = "Manufacturer"; Value = ""; VariantName = "[No Variations]"
Add component (AddParameter): Name = "Manufacturer Part Number"; Value = ""; VariantName = "[No Variations]"
Add component (AddParameter): Name = "Operating Temperature"; Value = ""; VariantName = "[No Variations]"
Add component (AddParameter): Name = "Package/Case"; Value = ""; VariantName = "[No Variations]"
Add component (AddParameter): Name = "Pad Size"; Value = "1.2mm"; VariantName = "[No Variations]"
Add component (AddParameter): Name = "Square Part Number"; Value = "MFG-0037"; VariantName = "[No Variations]"
Add component (AddParameter): Name = "Supplier"; Value = ""; VariantName = "[No Variations]"
Add component (AddParameter): Name = "Supplier Part Number"; Value = ""; VariantName = "[No Variations]"
Add component (AddParameter): Name = "TQM Critical CI"; Value = "Unassigned"; VariantName = "[No Variations]"
Added Component: Designator=U1(SOT95P280X145-5N)
Add component (AddParameter): Name = "Base Product Number"; Value = "MIC5205"; VariantName = "[No Variations]"
Add component (AddParameter): Name = "Control Features"; Value = "Enable"; VariantName = "[No Variations]"
Add component (AddParameter): Name = "Current - Output"; Value = "150mA"; VariantName = "[No Variations]"
Add component (AddParameter): Name = "Current - Quiescent (Iq)"; Value = "150 µA"; VariantName = "[No Variations]"
Add component (AddParameter): Name = "Current - Supply (Max)"; Value = "2.5 mA"; VariantName = "[No Variations]"
Add component (AddParameter): Name = "Manufacturer 1"; Value = "Microchip Technology"; VariantName = "[No Variations]"
Add component (AddParameter): Name = "Manufacturer Part Number 1"; Value = "MIC5205-3.3YM5-TR"; VariantName = "[No Variations]"
Add component (AddParameter): Name = "Mounting Type"; Value = "Surface Mount"; VariantName = "[No Variations]"
Add component (AddParameter): Name = "Number of Regulators"; Value = "1"; VariantName = "[No Variations]"
Add component (AddParameter): Name = "Operating Temperature"; Value = "`	
-40°C ~ 125°C"; VariantName = "[No Variations]"
Add component (AddParameter): Name = "Output Configuration"; Value = "Positive"; VariantName = "[No Variations]"
Add component (AddParameter): Name = "Output Type1"; Value = "Fixed"; VariantName = "[No Variations]"
Add component (AddParameter): Name = "Package / Case"; Value = "SC74A, SOT-753"; VariantName = "[No Variations]"
Add component (AddParameter): Name = "Protection Features"; Value = "Over Current, Over Temperature, Reverse Polarity"; VariantName = "[No Variations]"
Add component (AddParameter): Name = "PSRR"; Value = "75dB (100Hz)"; VariantName = "[No Variations]"
Add component (AddParameter): Name = "Supplier 1"; Value = "Digi-Key"; VariantName = "[No Variations]"
Add component (AddParameter): Name = "Supplier Device Package"; Value = "SOT-23-5"; VariantName = "[No Variations]"
Add component (AddParameter): Name = "Supplier Link 1"; Value = "https://www.digikey.com/en/products/detail/microchip-technology/MIC5205-3-3YM5-TR/771728"; VariantName = "[No Variations]"
Add component (AddParameter): Name = "Supplier Part Number 1"; Value = "576-1259-1-ND"; VariantName = "[No Variations]"
Add component (AddParameter): Name = "TPN"; Value = "ICS-LRG-0001"; VariantName = "[No Variations]"
Add component (AddParameter): Name = "Voltage - Input (Max)"; Value = "16V"; VariantName = "[No Variations]"
Add component (AddParameter): Name = "Voltage - Output (Max)"; Value = "-"; VariantName = "[No Variations]"
Add component (AddParameter): Name = "Voltage - Output (Min/Fixed)"; Value = "3.3V"; VariantName = "[No Variations]"
Add component (AddParameter): Name = "Voltage Dropout (Max)"; Value = "0.35V @ 150mA"; VariantName = "[No Variations]"
Added Component: Designator=U2(SOT95P280X125-5N)
Add component (AddParameter): Name = "Current - Output High, Low"; Value = "32mA, 32mA"; VariantName = "[No Variations]"
Add component (AddParameter): Name = "Current - Quiescent (Max)"; Value = "10 µA"; VariantName = "[No Variations]"
Add component (AddParameter): Name = "Height - Seated (Max)"; Value = "1.25mm"; VariantName = "[No Variations]"
Add component (AddParameter): Name = "Input Logic Level - High"; Value = "-"; VariantName = "[No Variations]"
Add component (AddParameter): Name = "Input Logic Level - Low"; Value = "-"; VariantName = "[No Variations]"
Add component (AddParameter): Name = "Logic Type"; Value = "Inverter"; VariantName = "[No Variations]"
Add component (AddParameter): Name = "Manufacturer 1"; Value = "Rohm Semiconductor"; VariantName = "[No Variations]"
Add component (AddParameter): Name = "Manufacturer Part Number 1"; Value = "BD7LS04G-CTL"; VariantName = "[No Variations]"
Add component (AddParameter): Name = "Max Propagation Delay @ V, Max CL"; Value = "10ns @ 5V, 50pF"; VariantName = "[No Variations]"
Add component (AddParameter): Name = "Mounting Type"; Value = "Surface Mount"; VariantName = "[No Variations]"
Add component (AddParameter): Name = "Operating Temperature"; Value = "`-40°C ~ 125°C"; VariantName = "[No Variations]"
Add component (AddParameter): Name = "Package/Case"; Value = "SC-74A, SOT-753"; VariantName = "[No Variations]"
Add component (AddParameter): Name = "Supplier 1"; Value = "Digi-Key"; VariantName = "[No Variations]"
Add component (AddParameter): Name = "Supplier Device Package"; Value = "5-SSOP"; VariantName = "[No Variations]"
Add component (AddParameter): Name = "Supplier Link 1"; Value = "https://www.digikey.com/en/products/detail/rohm-semiconductor/BD7LS04G-CTL/16284177"; VariantName = "[No Variations]"
Add component (AddParameter): Name = "Supplier Part Number 1"; Value = "846-BD7LS04G-CTLCT-ND"; VariantName = "[No Variations]"
Add component (AddParameter): Name = "TPN"; Value = "ICS-GAT-0001"; VariantName = "[No Variations]"
Add component (AddParameter): Name = "Voltage - Supply"; Value = "1.65V ~ 5.5V"; VariantName = "[No Variations]"
Added Pin To Net: NetName=3V3 Pin=C3-1
Added Pin To Net: NetName=3V3 Pin=U1-5
Added Pin To Net: NetName=3V3 Pin=U2-5
Added Net: Name=3V3
Added Pin To Net: NetName=12V0 Pin=C1-1
Added Pin To Net: NetName=12V0 Pin=J1-1
Added Pin To Net: NetName=12V0 Pin=J2-4
Added Pin To Net: NetName=12V0 Pin=U1-1
Added Pin To Net: NetName=12V0 Pin=U1-3
Added Net: Name=12V0
Added Pin To Net: NetName=DTR Pin=J2-1
Added Net: Name=DTR
Added Pin To Net: NetName=GND Pin=C1-2
Added Pin To Net: NetName=GND Pin=C2-2
Added Pin To Net: NetName=GND Pin=C3-2
Added Pin To Net: NetName=GND Pin=J1-3
Added Pin To Net: NetName=GND Pin=J2-5
Added Pin To Net: NetName=GND Pin=J2-6
Added Pin To Net: NetName=GND Pin=U1-2
Added Pin To Net: NetName=GND Pin=U2-3
Added Net: Name=GND
Added Pin To Net: NetName=NetC2_1 Pin=C2-1
Added Pin To Net: NetName=NetC2_1 Pin=U1-4
Added Net: Name=NetC2_1
Added Pin To Net: NetName=NetJ1_2 Pin=J1-2
Added Pin To Net: NetName=NetJ1_2 Pin=U2-2
Added Net: Name=NetJ1_2
Added Pin To Net: NetName=RXI_INV_3V3 Pin=J2-2
Added Pin To Net: NetName=RXI_INV_3V3 Pin=U2-4
Added Net: Name=RXI_INV_3V3
Added Pin To Net: NetName=TXD_NC Pin=J2-3
Added Pin To Net: NetName=TXD_NC Pin=TP1-1
Added Net: Name=TXD_NC
Added Class: Name=EIS_Inverting_Adapter
Added Room: Name=EIS_Inverting_Adapter
